範例2.1
#Compute expression
print((10.5+2*3)/(45-3.5))




範例2.2
radius = 20 

area = radius * radius * 3.14159

print("The area for the chircle of radius", radius, "is", area)




範例2.5
#Prompt the user for input
seconds = eval(input("Enter an integer for seconds: "))

mintues = sceonds // 60
remainingSecondes =seconds%60
print(seconds, "seconds is", minutes,
       "minutes and",remainingSeconds,"seconds")


	   
範例2.14	   
	   4/3*(r+34)-9*(a+b*c)+3+d*(2+a)/a+b*d
	   
	   
範例 2.7	   
import time

currentTime = time.time() # Get current time

#Obtain the total seconds since midnight,Jan 1,1970
totalSeconds =	int(currentTime)

#Get the current seconds
currentSecond = totalSeconds %60

#Obtain the total minutes
totalMinutes = totalSeconds // 60

#Compute the current minute in the hour
currentMinute = totalMinutes % 60

#Obtain the total hour
totalHours = totalMinutes // 60

#Compute the current hour
currentHour = totalHours% 24  
#displat results
print("Current time is", currentHour, ":",
       currentMinute, ":",currentSecond, "GMT")	   
	   
	   
	   
	   
	   
	   
	   
	   
	   
	   
	   
	   
	   
	   
	   
	   
